
-->current_time:1203889500
spawn telnet 0 bgpd
Trying 0.0.0.0...
Connected to 0.
Escape character is '^]'.

Hello, this is Quagga (version 1.2.4).
Copyright 1996-2005 Kunihiro Ishiguro, et al.


User Access Verification

Password: 
AS16467> en
Password: 
AS16467# terminal length 0
AS16467# show ip bgp
No BGP prefixes displayed, 0 exist
AS16467# exit
Connection closed by foreign host.

-->current_time:1203890433
spawn telnet 0 bgpd
Trying 0.0.0.0...
Connected to 0.
Escape character is '^]'.

Hello, this is Quagga (version 1.2.4).
Copyright 1996-2005 Kunihiro Ishiguro, et al.


User Access Verification

Password: 
AS16467> en
Password: 
AS16467# terminal length 0
AS16467# show ip bgp
BGP table version is 0, local router ID is 198.32.176.105
Status codes: s suppressed, d damped, h history, * valid, > best, = multipath,
              i internal, r RIB-failure, S Stale, R Removed
Origin codes: i - IGP, e - EGP, ? - incomplete

   Network          Next Hop            Metric LocPrf Weight Path
*> 208.65.153.0     1.0.0.250                              0 2914 3491 17557 i

Displayed  1 out of 1 total prefixes
AS16467# exit
Connection closed by foreign host.

-->current_time:1203891366
spawn telnet 0 bgpd
Trying 0.0.0.0...
Connected to 0.
Escape character is '^]'.

Hello, this is Quagga (version 1.2.4).
Copyright 1996-2005 Kunihiro Ishiguro, et al.


User Access Verification

Password: 
AS16467> en
Password: 
AS16467# terminal length 0
AS16467# show ip bgp
BGP table version is 0, local router ID is 198.32.176.105
Status codes: s suppressed, d damped, h history, * valid, > best, = multipath,
              i internal, r RIB-failure, S Stale, R Removed
Origin codes: i - IGP, e - EGP, ? - incomplete

   Network          Next Hop            Metric LocPrf Weight Path
*> 208.65.153.0     1.0.0.250                              0 2914 3491 17557 i

Displayed  1 out of 1 total prefixes
AS16467# exit
Connection closed by foreign host.

-->current_time:1203892299
spawn telnet 0 bgpd
Trying 0.0.0.0...
Connected to 0.
Escape character is '^]'.

Hello, this is Quagga (version 1.2.4).
Copyright 1996-2005 Kunihiro Ishiguro, et al.


User Access Verification

Password: 
AS16467> en
Password: 
AS16467# terminal length 0
AS16467# show ip bgp
BGP table version is 0, local router ID is 198.32.176.105
Status codes: s suppressed, d damped, h history, * valid, > best, = multipath,
              i internal, r RIB-failure, S Stale, R Removed
Origin codes: i - IGP, e - EGP, ? - incomplete

   Network          Next Hop            Metric LocPrf Weight Path
*> 208.65.153.0     1.0.0.250                              0 2914 3491 17557 i

Displayed  1 out of 1 total prefixes
AS16467# exit
Connection closed by foreign host.

-->current_time:1203893232
spawn telnet 0 bgpd
Trying 0.0.0.0...
Connected to 0.
Escape character is '^]'.

Hello, this is Quagga (version 1.2.4).
Copyright 1996-2005 Kunihiro Ishiguro, et al.


User Access Verification

Password: 
AS16467> en
Password: 
AS16467# terminal length 0
AS16467# show ip bgp
BGP table version is 0, local router ID is 198.32.176.105
Status codes: s suppressed, d damped, h history, * valid, > best, = multipath,
              i internal, r RIB-failure, S Stale, R Removed
Origin codes: i - IGP, e - EGP, ? - incomplete

   Network          Next Hop            Metric LocPrf Weight Path
*> 208.65.153.0     1.0.0.250                              0 2914 3491 17557 i

Displayed  1 out of 1 total prefixes
AS16467# exit
Connection closed by foreign host.

-->current_time:1203894165
spawn telnet 0 bgpd
Trying 0.0.0.0...
Connected to 0.
Escape character is '^]'.

Hello, this is Quagga (version 1.2.4).
Copyright 1996-2005 Kunihiro Ishiguro, et al.


User Access Verification

Password: 
AS16467> en
Password: 
AS16467# terminal length 0
AS16467# show ip bgp
BGP table version is 0, local router ID is 198.32.176.105
Status codes: s suppressed, d damped, h history, * valid, > best, = multipath,
              i internal, r RIB-failure, S Stale, R Removed
Origin codes: i - IGP, e - EGP, ? - incomplete

   Network          Next Hop            Metric LocPrf Weight Path
*> 208.65.153.0     1.0.0.250                              0 2914 3491 17557 i

Displayed  1 out of 1 total prefixes
AS16467# exit
Connection closed by foreign host.

-->current_time:1203895038
spawn telnet 0 bgpd
Trying 0.0.0.0...
Connected to 0.
Escape character is '^]'.

Hello, this is Quagga (version 1.2.4).
Copyright 1996-2005 Kunihiro Ishiguro, et al.


User Access Verification

Password: 
AS16467> en
Password: 
AS16467# terminal length 0
AS16467# show ip bgp
BGP table version is 0, local router ID is 198.32.176.105
Status codes: s suppressed, d damped, h history, * valid, > best, = multipath,
              i internal, r RIB-failure, S Stale, R Removed
Origin codes: i - IGP, e - EGP, ? - incomplete

   Network          Next Hop            Metric LocPrf Weight Path
*  208.65.153.0     1.0.0.14                               0 3356 3549 36561 i
*>                  1.0.0.250                              0 2914 3491 17557 i

Displayed  1 out of 2 total prefixes
AS16467# exit
Connection closed by foreign host.

-->current_time:1203895971
spawn telnet 0 bgpd
Trying 0.0.0.0...
Connected to 0.
Escape character is '^]'.

Hello, this is Quagga (version 1.2.4).
Copyright 1996-2005 Kunihiro Ishiguro, et al.


User Access Verification

Password: 
AS16467> en
Password: 
AS16467# terminal length 0
AS16467# show ip bgp
BGP table version is 0, local router ID is 198.32.176.105
Status codes: s suppressed, d damped, h history, * valid, > best, = multipath,
              i internal, r RIB-failure, S Stale, R Removed
Origin codes: i - IGP, e - EGP, ? - incomplete

   Network          Next Hop            Metric LocPrf Weight Path
*  208.65.153.0     1.0.0.14                               0 3356 3549 36561 i
*>                  1.0.0.250                              0 2914 3491 17557 i

Displayed  1 out of 2 total prefixes
AS16467# exit
Connection closed by foreign host.

-->current_time:1203896964
spawn telnet 0 bgpd
Trying 0.0.0.0...
Connected to 0.
Escape character is '^]'.

Hello, this is Quagga (version 1.2.4).
Copyright 1996-2005 Kunihiro Ishiguro, et al.


User Access Verification

Password: 
AS16467> en
Password: 
AS16467# terminal length 0
AS16467# show ip bgp
No BGP prefixes displayed, 0 exist
AS16467# exit
Connection closed by foreign host.

-->current_time:1203897897
spawn telnet 0 bgpd
Trying 0.0.0.0...
Connected to 0.
Escape character is '^]'.

Hello, this is Quagga (version 1.2.4).
Copyright 1996-2005 Kunihiro Ishiguro, et al.


User Access Verification

Password: 
AS16467> en
Password: 
AS16467# terminal length 0
AS16467# show ip bgp
No BGP prefixes displayed, 0 exist
AS16467# exit
Connection closed by foreign host.
